[0.034s] Invoking command in '/ros2_ws/build/uwb_localizer': CMAKE_PREFIX_PATH=/opt/ros/humble /usr/bin/cmake /ros2_ws/uwb_localizer -DCMAKE_INSTALL_PREFIX=/ros2_ws/install/uwb_localizer
[0.087s] -- Found ament_cmake: 1.3.12 (/opt/ros/humble/share/ament_cmake/cmake)
[0.341s] -- Found rclcpp: 16.0.14 (/opt/ros/humble/share/rclcpp/cmake)
[0.359s] -- Found rosidl_generator_c: 3.1.7 (/opt/ros/humble/share/rosidl_generator_c/cmake)
[0.362s] -- Found rosidl_adapter: 3.1.7 (/opt/ros/humble/share/rosidl_adapter/cmake)
[0.365s] -- Found rosidl_generator_cpp: 3.1.7 (/opt/ros/humble/share/rosidl_generator_cpp/cmake)
[0.371s] -- Using all available rosidl_typesupport_c: rosidl_typesupport_fastrtps_c;rosidl_typesupport_introspection_c
[0.378s] -- Using all available rosidl_typesupport_cpp: rosidl_typesupport_fastrtps_cpp;rosidl_typesupport_introspection_cpp
[0.395s] -- Found rmw_implementation_cmake: 6.1.2 (/opt/ros/humble/share/rmw_implementation_cmake/cmake)
[0.397s] -- Found rmw_fastrtps_cpp: 6.2.8 (/opt/ros/humble/share/rmw_fastrtps_cpp/cmake)
[0.487s] -- Using RMW implementation 'rmw_fastrtps_cpp' as default
[0.528s] [31mCMake Error at CMakeLists.txt:12 (find_package):
[0.528s]   By not providing "Findserial.cmake" in CMAKE_MODULE_PATH this project has
[0.528s]   asked CMake to find a package configuration file provided by "serial", but
[0.528s]   CMake did not find one.
[0.528s] 
[0.529s]   Could not find a package configuration file provided by "serial" with any
[0.529s]   of the following names:
[0.529s] 
[0.529s]     serialConfig.cmake
[0.529s]     serial-config.cmake
[0.530s] 
[0.530s]   Add the installation prefix of "serial" to CMAKE_PREFIX_PATH or set
[0.530s]   "serial_DIR" to a directory containing one of the above files.  If "serial"
[0.531s]   provides a separate development package or SDK, be sure it has been
[0.531s]   installed.
[0.531s] 
[0.534s] [0m
[0.534s] -- Configuring incomplete, errors occurred!
[0.534s] See also "/ros2_ws/build/uwb_localizer/CMakeFiles/CMakeOutput.log".
[0.539s] Invoked command in '/ros2_ws/build/uwb_localizer' returned '1': CMAKE_PREFIX_PATH=/opt/ros/humble /usr/bin/cmake /ros2_ws/uwb_localizer -DCMAKE_INSTALL_PREFIX=/ros2_ws/install/uwb_localizer
