[0.035s] Invoking command in '/ros2_ws/build/serial': CMAKE_PREFIX_PATH=/opt/ros/humble /usr/bin/cmake /ros2_ws/serial-ros2 -DCMAKE_INSTALL_PREFIX=/ros2_ws/install/serial
[0.352s] -- The C compiler identification is GNU 11.4.0
[0.609s] -- The CXX compiler identification is GNU 11.4.0
[0.642s] -- Detecting C compiler ABI info
[1.080s] -- Detecting C compiler ABI info - done
[1.097s] -- Check for working C compiler: /usr/bin/cc - skipped
[1.097s] -- Detecting C compile features
[1.097s] -- Detecting C compile features - done
[1.101s] -- Detecting CXX compiler ABI info
[1.492s] -- Detecting CXX compiler ABI info - done
[1.508s] -- Check for working CXX compiler: /usr/bin/c++ - skipped
[1.508s] -- Detecting CXX compile features
[1.509s] -- Detecting CXX compile features - done
[1.519s] -- Found ament_cmake: 1.3.12 (/opt/ros/humble/share/ament_cmake/cmake)
[1.940s] -- Found Python3: /usr/bin/python3 (found version "3.10.12") found components: Interpreter 
[2.216s] -- Configuring done
[2.261s] -- Generating done
[2.284s] -- Build files have been written to: /ros2_ws/build/serial
[2.286s] Invoked command in '/ros2_ws/build/serial' returned '0': CMAKE_PREFIX_PATH=/opt/ros/humble /usr/bin/cmake /ros2_ws/serial-ros2 -DCMAKE_INSTALL_PREFIX=/ros2_ws/install/serial
[2.292s] Invoking command in '/ros2_ws/build/serial': CMAKE_PREFIX_PATH=/opt/ros/humble /usr/bin/cmake --build /ros2_ws/build/serial -- -j10 -l10
[2.563s] [ 50%] [32mBuilding CXX object CMakeFiles/serial.dir/src/impl/unix.cc.o[0m
[2.564s] [ 50%] [32mBuilding CXX object CMakeFiles/serial.dir/src/serial.cc.o[0m
[2.568s] [ 75%] [32mBuilding CXX object CMakeFiles/serial.dir/src/impl/list_ports/list_ports_linux.cc.o[0m
[3.257s] [100%] [32m[1mLinking CXX static library libserial.a[0m
[3.430s] [100%] Built target serial
[3.461s] Invoked command in '/ros2_ws/build/serial' returned '0': CMAKE_PREFIX_PATH=/opt/ros/humble /usr/bin/cmake --build /ros2_ws/build/serial -- -j10 -l10
[3.494s] Invoking command in '/ros2_ws/build/serial': CMAKE_PREFIX_PATH=/opt/ros/humble /usr/bin/cmake --install /ros2_ws/build/serial
[3.536s] -- Install configuration: ""
[3.537s] -- Installing: /ros2_ws/install/serial/share/serial/environment/library_path.sh
[3.539s] -- Installing: /ros2_ws/install/serial/share/serial/environment/library_path.dsv
[3.540s] -- Installing: /ros2_ws/install/serial/lib/libserial.a
[3.543s] -- Installing: /ros2_ws/install/serial/include/serial/serial.h
[3.544s] -- Installing: /ros2_ws/install/serial/include/serial/v8stdint.h
[3.546s] -- Installing: /ros2_ws/install/serial/share/ament_index/resource_index/package_run_dependencies/serial
[3.547s] -- Installing: /ros2_ws/install/serial/share/ament_index/resource_index/parent_prefix_path/serial
[3.548s] -- Installing: /ros2_ws/install/serial/share/serial/environment/ament_prefix_path.sh
[3.549s] -- Installing: /ros2_ws/install/serial/share/serial/environment/ament_prefix_path.dsv
[3.550s] -- Installing: /ros2_ws/install/serial/share/serial/environment/path.sh
[3.550s] -- Installing: /ros2_ws/install/serial/share/serial/environment/path.dsv
[3.551s] -- Installing: /ros2_ws/install/serial/share/serial/local_setup.bash
[3.552s] -- Installing: /ros2_ws/install/serial/share/serial/local_setup.sh
[3.553s] -- Installing: /ros2_ws/install/serial/share/serial/local_setup.zsh
[3.554s] -- Installing: /ros2_ws/install/serial/share/serial/local_setup.dsv
[3.555s] -- Installing: /ros2_ws/install/serial/share/serial/package.dsv
[3.556s] -- Installing: /ros2_ws/install/serial/share/ament_index/resource_index/packages/serial
[3.558s] -- Installing: /ros2_ws/install/serial/share/serial/cmake/ament_cmake_export_include_directories-extras.cmake
[3.558s] -- Installing: /ros2_ws/install/serial/share/serial/cmake/ament_cmake_export_libraries-extras.cmake
[3.559s] -- Installing: /ros2_ws/install/serial/share/serial/cmake/serialConfig.cmake
[3.560s] -- Installing: /ros2_ws/install/serial/share/serial/cmake/serialConfig-version.cmake
[3.561s] -- Installing: /ros2_ws/install/serial/share/serial/package.xml
