[0.032s] Invoking command in '/ros2_ws/build/serial': CMAKE_PREFIX_PATH=/opt/ros/humble /usr/bin/cmake --build /ros2_ws/build/serial -- -j10 -l10
[0.226s] [35m[1mConsolidate compiler generated dependencies of target serial[0m
[0.317s] [100%] Built target serial
[0.347s] Invoked command in '/ros2_ws/build/serial' returned '0': CMAKE_PREFIX_PATH=/opt/ros/humble /usr/bin/cmake --build /ros2_ws/build/serial -- -j10 -l10
[0.379s] Invoking command in '/ros2_ws/build/serial': CMAKE_PREFIX_PATH=/opt/ros/humble /usr/bin/cmake --install /ros2_ws/build/serial
[0.413s] -- Install configuration: ""
[0.414s] -- Up-to-date: /ros2_ws/install/serial/share/serial/environment/library_path.sh
[0.414s] -- Up-to-date: /ros2_ws/install/serial/share/serial/environment/library_path.dsv
[0.415s] -- Up-to-date: /ros2_ws/install/serial/lib/libserial.a
[0.415s] -- Up-to-date: /ros2_ws/install/serial/include/serial/serial.h
[0.415s] -- Up-to-date: /ros2_ws/install/serial/include/serial/v8stdint.h
[0.415s] -- Up-to-date: /ros2_ws/install/serial/share/ament_index/resource_index/package_run_dependencies/serial
[0.416s] -- Up-to-date: /ros2_ws/install/serial/share/ament_index/resource_index/parent_prefix_path/serial
[0.416s] -- Up-to-date: /ros2_ws/install/serial/share/serial/environment/ament_prefix_path.sh
[0.416s] -- Up-to-date: /ros2_ws/install/serial/share/serial/environment/ament_prefix_path.dsv
[0.416s] -- Up-to-date: /ros2_ws/install/serial/share/serial/environment/path.sh
[0.417s] -- Up-to-date: /ros2_ws/install/serial/share/serial/environment/path.dsv
[0.417s] -- Up-to-date: /ros2_ws/install/serial/share/serial/local_setup.bash
[0.417s] -- Up-to-date: /ros2_ws/install/serial/share/serial/local_setup.sh
[0.418s] -- Up-to-date: /ros2_ws/install/serial/share/serial/local_setup.zsh
[0.418s] -- Up-to-date: /ros2_ws/install/serial/share/serial/local_setup.dsv
[0.418s] -- Up-to-date: /ros2_ws/install/serial/share/serial/package.dsv
[0.418s] -- Up-to-date: /ros2_ws/install/serial/share/ament_index/resource_index/packages/serial
[0.419s] -- Up-to-date: /ros2_ws/install/serial/share/serial/cmake/ament_cmake_export_include_directories-extras.cmake
[0.419s] -- Up-to-date: /ros2_ws/install/serial/share/serial/cmake/ament_cmake_export_libraries-extras.cmake
[0.419s] -- Up-to-date: /ros2_ws/install/serial/share/serial/cmake/serialConfig.cmake
[0.420s] -- Up-to-date: /ros2_ws/install/serial/share/serial/cmake/serialConfig-version.cmake
[0.420s] -- Up-to-date: /ros2_ws/install/serial/share/serial/package.xml
[0.425s] Invoked command in '/ros2_ws/build/serial' returned '0': CMAKE_PREFIX_PATH=/opt/ros/humble /usr/bin/cmake --install /ros2_ws/build/serial
