[0.039s] Invoking command in '/ros2_ws/build/serial': CMAKE_PREFIX_PATH=/opt/ros/humble /usr/bin/cmake --build /ros2_ws/build/serial -- -j10 -l10
[0.421s] [100%] Built target serial
[0.458s] Invoked command in '/ros2_ws/build/serial' returned '0': CMAKE_PREFIX_PATH=/opt/ros/humble /usr/bin/cmake --build /ros2_ws/build/serial -- -j10 -l10
[0.496s] Invoking command in '/ros2_ws/build/serial': CMAKE_PREFIX_PATH=/opt/ros/humble /usr/bin/cmake --install /ros2_ws/build/serial
[0.540s] -- Install configuration: ""
[0.541s] -- Up-to-date: /ros2_ws/install/serial/share/serial/environment/library_path.sh
[0.541s] -- Up-to-date: /ros2_ws/install/serial/share/serial/environment/library_path.dsv
[0.542s] -- Up-to-date: /ros2_ws/install/serial/lib/libserial.a
[0.542s] -- Up-to-date: /ros2_ws/install/serial/include/serial/serial.h
[0.542s] -- Up-to-date: /ros2_ws/install/serial/include/serial/v8stdint.h
[0.542s] -- Up-to-date: /ros2_ws/install/serial/share/ament_index/resource_index/package_run_dependencies/serial
[0.543s] -- Up-to-date: /ros2_ws/install/serial/share/ament_index/resource_index/parent_prefix_path/serial
[0.543s] -- Up-to-date: /ros2_ws/install/serial/share/serial/environment/ament_prefix_path.sh
[0.543s] -- Up-to-date: /ros2_ws/install/serial/share/serial/environment/ament_prefix_path.dsv
[0.543s] -- Up-to-date: /ros2_ws/install/serial/share/serial/environment/path.sh
[0.544s] -- Up-to-date: /ros2_ws/install/serial/share/serial/environment/path.dsv
[0.544s] -- Up-to-date: /ros2_ws/install/serial/share/serial/local_setup.bash
[0.545s] -- Up-to-date: /ros2_ws/install/serial/share/serial/local_setup.sh
[0.545s] -- Up-to-date: /ros2_ws/install/serial/share/serial/local_setup.zsh
[0.545s] -- Up-to-date: /ros2_ws/install/serial/share/serial/local_setup.dsv
[0.546s] -- Installing: /ros2_ws/install/serial/share/serial/package.dsv
[0.548s] -- Up-to-date: /ros2_ws/install/serial/share/ament_index/resource_index/packages/serial
[0.548s] -- Up-to-date: /ros2_ws/install/serial/share/serial/cmake/ament_cmake_export_include_directories-extras.cmake
[0.549s] -- Up-to-date: /ros2_ws/install/serial/share/serial/cmake/ament_cmake_export_libraries-extras.cmake
[0.549s] -- Up-to-date: /ros2_ws/install/serial/share/serial/cmake/serialConfig.cmake
[0.549s] -- Up-to-date: /ros2_ws/install/serial/share/serial/cmake/serialConfig-version.cmake
[0.549s] -- Up-to-date: /ros2_ws/install/serial/share/serial/package.xml
[0.556s] Invoked command in '/ros2_ws/build/serial' returned '0': CMAKE_PREFIX_PATH=/opt/ros/humble /usr/bin/cmake --install /ros2_ws/build/serial
