[0.075s] DEBUG:colcon:Command line arguments: ['/usr/bin/colcon', 'build']
[0.075s] DEBUG:colcon:Parsed command line arguments: Namespace(log_base=None, log_level=None, verb_name='build', build_base='build', install_base='install', merge_install=False, symlink_install=False, test_result_base=None, continue_on_error=False, executor='parallel', parallel_workers=10, event_handlers=None, ignore_user_meta=False, metas=['./colcon.meta'], base_paths=['.'], packages_ignore=None, packages_ignore_regex=None, paths=None, packages_up_to=None, packages_up_to_regex=None, packages_above=None, packages_above_and_dependencies=None, packages_above_depth=None, packages_select_by_dep=None, packages_skip_by_dep=None, packages_skip_up_to=None, packages_select_build_failed=False, packages_skip_build_finished=False, packages_select_test_failures=False, packages_skip_test_passed=False, packages_select=None, packages_skip=None, packages_select_regex=None, packages_skip_regex=None, packages_start=None, packages_end=None, cmake_args=None, cmake_target=None, cmake_target_skip_unavailable=False, cmake_clean_cache=False, cmake_clean_first=False, cmake_force_configure=False, ament_cmake_args=None, catkin_cmake_args=None, catkin_skip_building_tests=False, mixin_files=None, mixin=None, verb_parser=<colcon_mixin.mixin.mixin_argument.MixinArgumentDecorator object at 0x7ffffe203100>, verb_extension=<colcon_core.verb.build.BuildVerb object at 0x7ffffe33c070>, main=<bound method BuildVerb.main of <colcon_core.verb.build.BuildVerb object at 0x7ffffe33c070>>, mixin_verb=('build',))
[0.146s] Level 1:colcon.colcon_core.package_discovery:discover_packages(colcon_meta) check parameters
[0.147s] INFO:colcon.colcon_metadata.package_discovery.colcon_meta:Using configuration from '/root/.colcon/metadata/default/Gazebo.meta'
[0.147s] INFO:colcon.colcon_metadata.package_discovery.colcon_meta:Using configuration from '/root/.colcon/metadata/default/fastdds.meta'
[0.147s] INFO:colcon.colcon_metadata.package_discovery.colcon_meta:Using configuration from '/root/.colcon/metadata/default/fastrtps.meta'
[0.147s] Level 1:colcon.colcon_core.package_discovery:discover_packages(recursive) check parameters
[0.148s] Level 1:colcon.colcon_core.package_discovery:discover_packages(ignore) check parameters
[0.148s] Level 1:colcon.colcon_core.package_discovery:discover_packages(path) check parameters
[0.148s] Level 1:colcon.colcon_core.package_discovery:discover_packages(colcon_meta) discover
[0.148s] Level 1:colcon.colcon_core.package_discovery:discover_packages(recursive) discover
[0.148s] INFO:colcon.colcon_core.package_discovery:Crawling recursively for packages in '/ros2_ws'
[0.148s] Level 1:colcon.colcon_core.package_identification:_identify(.) by extensions ['ignore', 'ignore_ament_install']
[0.148s] Level 1:colcon.colcon_core.package_identification:_identify(.) by extension 'ignore'
[0.148s] Level 1:colcon.colcon_core.package_identification:_identify(.) by extension 'ignore_ament_install'
[0.148s] Level 1:colcon.colcon_core.package_identification:_identify(.) by extensions ['colcon_pkg']
[0.148s] Level 1:colcon.colcon_core.package_identification:_identify(.) by extension 'colcon_pkg'
[0.149s] Level 1:colcon.colcon_core.package_identification:_identify(.) by extensions ['colcon_meta']
[0.149s] Level 1:colcon.colcon_core.package_identification:_identify(.) by extension 'colcon_meta'
[0.149s] Level 1:colcon.colcon_core.package_identification:_identify(.) by extensions ['ros']
[0.149s] Level 1:colcon.colcon_core.package_identification:_identify(.) by extension 'ros'
[0.155s] Level 1:colcon.colcon_core.package_identification:_identify(.) by extensions ['cmake', 'python']
[0.155s] Level 1:colcon.colcon_core.package_identification:_identify(.) by extension 'cmake'
[0.155s] Level 1:colcon.colcon_core.package_identification:_identify(.) by extension 'python'
[0.155s] Level 1:colcon.colcon_core.package_identification:_identify(.) by extensions ['python_setup_py']
[0.155s] Level 1:colcon.colcon_core.package_identification:_identify(.) by extension 'python_setup_py'
[0.155s] Level 1:colcon.colcon_core.package_identification:_identify(build) by extensions ['ignore', 'ignore_ament_install']
[0.155s] Level 1:colcon.colcon_core.package_identification:_identify(build) by extension 'ignore'
[0.155s] Level 1:colcon.colcon_core.package_identification:_identify(build) ignored
[0.156s] Level 1:colcon.colcon_core.package_identification:_identify(install) by extensions ['ignore', 'ignore_ament_install']
[0.156s] Level 1:colcon.colcon_core.package_identification:_identify(install) by extension 'ignore'
[0.156s] Level 1:colcon.colcon_core.package_identification:_identify(install) ignored
[0.156s] Level 1:colcon.colcon_core.package_identification:_identify(log) by extensions ['ignore', 'ignore_ament_install']
[0.156s] Level 1:colcon.colcon_core.package_identification:_identify(log) by extension 'ignore'
[0.156s] Level 1:colcon.colcon_core.package_identification:_identify(log) ignored
[0.156s] Level 1:colcon.colcon_core.package_identification:_identify(serial-ros2) by extensions ['ignore', 'ignore_ament_install']
[0.156s] Level 1:colcon.colcon_core.package_identification:_identify(serial-ros2) by extension 'ignore'
[0.157s] Level 1:colcon.colcon_core.package_identification:_identify(serial-ros2) by extension 'ignore_ament_install'
[0.157s] Level 1:colcon.colcon_core.package_identification:_identify(serial-ros2) by extensions ['colcon_pkg']
[0.157s] Level 1:colcon.colcon_core.package_identification:_identify(serial-ros2) by extension 'colcon_pkg'
[0.157s] Level 1:colcon.colcon_core.package_identification:_identify(serial-ros2) by extensions ['colcon_meta']
[0.157s] Level 1:colcon.colcon_core.package_identification:_identify(serial-ros2) by extension 'colcon_meta'
[0.157s] Level 1:colcon.colcon_core.package_identification:_identify(serial-ros2) by extensions ['ros']
[0.157s] Level 1:colcon.colcon_core.package_identification:_identify(serial-ros2) by extension 'ros'
[0.162s] DEBUG:colcon.colcon_core.package_identification:Package 'serial-ros2' with type 'ros.ament_cmake' and name 'serial'
[0.162s] Level 1:colcon.colcon_core.package_identification:_identify(uwb_localizer) by extensions ['ignore', 'ignore_ament_install']
[0.162s] Level 1:colcon.colcon_core.package_identification:_identify(uwb_localizer) by extension 'ignore'
[0.162s] Level 1:colcon.colcon_core.package_identification:_identify(uwb_localizer) by extension 'ignore_ament_install'
[0.163s] Level 1:colcon.colcon_core.package_identification:_identify(uwb_localizer) by extensions ['colcon_pkg']
[0.163s] Level 1:colcon.colcon_core.package_identification:_identify(uwb_localizer) by extension 'colcon_pkg'
[0.163s] Level 1:colcon.colcon_core.package_identification:_identify(uwb_localizer) by extensions ['colcon_meta']
[0.163s] Level 1:colcon.colcon_core.package_identification:_identify(uwb_localizer) by extension 'colcon_meta'
[0.163s] Level 1:colcon.colcon_core.package_identification:_identify(uwb_localizer) by extensions ['ros']
[0.163s] Level 1:colcon.colcon_core.package_identification:_identify(uwb_localizer) by extension 'ros'
[0.164s] DEBUG:colcon.colcon_core.package_identification:Package 'uwb_localizer' with type 'ros.ament_cmake' and name 'uwb_localizer'
[0.164s] Level 1:colcon.colcon_core.package_discovery:discover_packages(recursive) using defaults
[0.164s] Level 1:colcon.colcon_core.package_discovery:discover_packages(ignore) discover
[0.164s] Level 1:colcon.colcon_core.package_discovery:discover_packages(ignore) using defaults
[0.164s] Level 1:colcon.colcon_core.package_discovery:discover_packages(path) discover
[0.164s] Level 1:colcon.colcon_core.package_discovery:discover_packages(path) using defaults
[0.175s] Level 5:colcon.colcon_core.verb:set package 'serial' build argument 'cmake_args' from command line to 'None'
[0.175s] Level 5:colcon.colcon_core.verb:set package 'serial' build argument 'cmake_target' from command line to 'None'
[0.175s] Level 5:colcon.colcon_core.verb:set package 'serial' build argument 'cmake_target_skip_unavailable' from command line to 'False'
[0.175s] Level 5:colcon.colcon_core.verb:set package 'serial' build argument 'cmake_clean_cache' from command line to 'False'
[0.175s] Level 5:colcon.colcon_core.verb:set package 'serial' build argument 'cmake_clean_first' from command line to 'False'
[0.175s] Level 5:colcon.colcon_core.verb:set package 'serial' build argument 'cmake_force_configure' from command line to 'False'
[0.175s] Level 5:colcon.colcon_core.verb:set package 'serial' build argument 'ament_cmake_args' from command line to 'None'
[0.175s] Level 5:colcon.colcon_core.verb:set package 'serial' build argument 'catkin_cmake_args' from command line to 'None'
[0.175s] Level 5:colcon.colcon_core.verb:set package 'serial' build argument 'catkin_skip_building_tests' from command line to 'False'
[0.175s] DEBUG:colcon.colcon_core.verb:Building package 'serial' with the following arguments: {'ament_cmake_args': None, 'build_base': '/ros2_ws/build/serial', 'catkin_cmake_args': None, 'catkin_skip_building_tests': False, 'cmake_args': None, 'cmake_clean_cache': False, 'cmake_clean_first': False, 'cmake_force_configure': False, 'cmake_target': None, 'cmake_target_skip_unavailable': False, 'install_base': '/ros2_ws/install/serial', 'merge_install': False, 'path': '/ros2_ws/serial-ros2', 'symlink_install': False, 'test_result_base': None}
[0.175s] Level 5:colcon.colcon_core.verb:set package 'uwb_localizer' build argument 'cmake_args' from command line to 'None'
[0.176s] Level 5:colcon.colcon_core.verb:set package 'uwb_localizer' build argument 'cmake_target' from command line to 'None'
[0.176s] Level 5:colcon.colcon_core.verb:set package 'uwb_localizer' build argument 'cmake_target_skip_unavailable' from command line to 'False'
[0.176s] Level 5:colcon.colcon_core.verb:set package 'uwb_localizer' build argument 'cmake_clean_cache' from command line to 'False'
[0.176s] Level 5:colcon.colcon_core.verb:set package 'uwb_localizer' build argument 'cmake_clean_first' from command line to 'False'
[0.176s] Level 5:colcon.colcon_core.verb:set package 'uwb_localizer' build argument 'cmake_force_configure' from command line to 'False'
[0.176s] Level 5:colcon.colcon_core.verb:set package 'uwb_localizer' build argument 'ament_cmake_args' from command line to 'None'
[0.176s] Level 5:colcon.colcon_core.verb:set package 'uwb_localizer' build argument 'catkin_cmake_args' from command line to 'None'
[0.176s] Level 5:colcon.colcon_core.verb:set package 'uwb_localizer' build argument 'catkin_skip_building_tests' from command line to 'False'
[0.176s] DEBUG:colcon.colcon_core.verb:Building package 'uwb_localizer' with the following arguments: {'ament_cmake_args': None, 'build_base': '/ros2_ws/build/uwb_localizer', 'catkin_cmake_args': None, 'catkin_skip_building_tests': False, 'cmake_args': None, 'cmake_clean_cache': False, 'cmake_clean_first': False, 'cmake_force_configure': False, 'cmake_target': None, 'cmake_target_skip_unavailable': False, 'install_base': '/ros2_ws/install/uwb_localizer', 'merge_install': False, 'path': '/ros2_ws/uwb_localizer', 'symlink_install': False, 'test_result_base': None}
[0.176s] INFO:colcon.colcon_core.executor:Executing jobs using 'parallel' executor
[0.178s] DEBUG:colcon.colcon_parallel_executor.executor.parallel:run_until_complete
[0.179s] INFO:colcon.colcon_ros.task.ament_cmake.build:Building ROS package in '/ros2_ws/serial-ros2' with build type 'ament_cmake'
[0.179s] INFO:colcon.colcon_cmake.task.cmake.build:Building CMake package in '/ros2_ws/serial-ros2'
[0.180s] INFO:colcon.colcon_core.plugin_system:Skipping extension 'colcon_core.shell.bat': Not used on non-Windows systems
[0.180s] INFO:colcon.colcon_core.shell:Skip shell extension 'powershell' for command environment: Not usable outside of PowerShell
[0.181s] DEBUG:colcon.colcon_core.shell:Skip shell extension 'dsv' for command environment
[0.186s] INFO:colcon.colcon_ros.task.ament_cmake.build:Building ROS package in '/ros2_ws/uwb_localizer' with build type 'ament_cmake'
[0.186s] INFO:colcon.colcon_cmake.task.cmake.build:Building CMake package in '/ros2_ws/uwb_localizer'
[0.189s] INFO:colcon.colcon_core.shell:Skip shell extension 'powershell' for command environment: Not usable outside of PowerShell
[0.190s] DEBUG:colcon.colcon_core.shell:Skip shell extension 'dsv' for command environment
[0.216s] DEBUG:colcon.colcon_core.event_handler.log_command:Invoking command in '/ros2_ws/build/serial': CMAKE_PREFIX_PATH=/opt/ros/humble /usr/bin/cmake --build /ros2_ws/build/serial -- -j10 -l10
[0.223s] DEBUG:colcon.colcon_core.event_handler.log_command:Invoking command in '/ros2_ws/build/uwb_localizer': CMAKE_PREFIX_PATH=/opt/ros/humble /usr/bin/cmake --build /ros2_ws/build/uwb_localizer -- -j10 -l10
[0.575s] DEBUG:colcon.colcon_core.event_handler.log_command:Invoked command in '/ros2_ws/build/serial' returned '0': CMAKE_PREFIX_PATH=/opt/ros/humble /usr/bin/cmake --build /ros2_ws/build/serial -- -j10 -l10
[0.612s] DEBUG:colcon.colcon_core.event_handler.log_command:Invoking command in '/ros2_ws/build/serial': CMAKE_PREFIX_PATH=/opt/ros/humble /usr/bin/cmake --install /ros2_ws/build/serial
[0.664s] Level 1:colcon.colcon_core.environment:create_environment_scripts_only(serial)
[0.666s] Level 1:colcon.colcon_core.environment:checking '/ros2_ws/install/serial' for CMake module files
[0.666s] DEBUG:colcon.colcon_core.event_handler.log_command:Invoked command in '/ros2_ws/build/serial' returned '0': CMAKE_PREFIX_PATH=/opt/ros/humble /usr/bin/cmake --install /ros2_ws/build/serial
[0.668s] Level 1:colcon.colcon_core.environment:checking '/ros2_ws/install/serial' for CMake config files
[0.669s] Level 1:colcon.colcon_core.shell:create_environment_hook('serial', 'cmake_prefix_path')
[0.669s] INFO:colcon.colcon_core.shell:Creating environment hook '/ros2_ws/install/serial/share/serial/hook/cmake_prefix_path.ps1'
[0.671s] INFO:colcon.colcon_core.shell:Creating environment descriptor '/ros2_ws/install/serial/share/serial/hook/cmake_prefix_path.dsv'
[0.671s] INFO:colcon.colcon_core.shell:Creating environment hook '/ros2_ws/install/serial/share/serial/hook/cmake_prefix_path.sh'
[0.672s] Level 1:colcon.colcon_core.environment:checking '/ros2_ws/install/serial/lib'
[0.672s] Level 1:colcon.colcon_core.environment:checking '/ros2_ws/install/serial/bin'
[0.672s] Level 1:colcon.colcon_core.environment:checking '/ros2_ws/install/serial/lib/pkgconfig/serial.pc'
[0.673s] Level 1:colcon.colcon_core.environment:checking '/ros2_ws/install/serial/lib/python3.10/site-packages'
[0.674s] Level 1:colcon.colcon_core.environment:checking '/ros2_ws/install/serial/bin'
[0.674s] INFO:colcon.colcon_core.shell:Creating package script '/ros2_ws/install/serial/share/serial/package.ps1'
[0.675s] INFO:colcon.colcon_core.shell:Creating package descriptor '/ros2_ws/install/serial/share/serial/package.dsv'
[0.675s] INFO:colcon.colcon_core.shell:Creating package script '/ros2_ws/install/serial/share/serial/package.sh'
[0.676s] INFO:colcon.colcon_core.shell:Creating package script '/ros2_ws/install/serial/share/serial/package.bash'
[0.676s] INFO:colcon.colcon_core.shell:Creating package script '/ros2_ws/install/serial/share/serial/package.zsh'
[0.677s] Level 1:colcon.colcon_core.environment:create_file_with_runtime_dependencies(/ros2_ws/install/serial/share/colcon-core/packages/serial)
[0.678s] Level 1:colcon.colcon_core.environment:create_environment_scripts_only(serial)
[0.678s] Level 1:colcon.colcon_core.environment:checking '/ros2_ws/install/serial' for CMake module files
[0.679s] Level 1:colcon.colcon_core.environment:checking '/ros2_ws/install/serial' for CMake config files
[0.681s] Level 1:colcon.colcon_core.shell:create_environment_hook('serial', 'cmake_prefix_path')
[0.681s] INFO:colcon.colcon_core.shell:Creating environment hook '/ros2_ws/install/serial/share/serial/hook/cmake_prefix_path.ps1'
[0.681s] INFO:colcon.colcon_core.shell:Creating environment descriptor '/ros2_ws/install/serial/share/serial/hook/cmake_prefix_path.dsv'
[0.682s] INFO:colcon.colcon_core.shell:Creating environment hook '/ros2_ws/install/serial/share/serial/hook/cmake_prefix_path.sh'
[0.682s] Level 1:colcon.colcon_core.environment:checking '/ros2_ws/install/serial/lib'
[0.682s] Level 1:colcon.colcon_core.environment:checking '/ros2_ws/install/serial/bin'
[0.683s] Level 1:colcon.colcon_core.environment:checking '/ros2_ws/install/serial/lib/pkgconfig/serial.pc'
[0.683s] Level 1:colcon.colcon_core.environment:checking '/ros2_ws/install/serial/lib/python3.10/site-packages'
[0.683s] Level 1:colcon.colcon_core.environment:checking '/ros2_ws/install/serial/bin'
[0.683s] INFO:colcon.colcon_core.shell:Creating package script '/ros2_ws/install/serial/share/serial/package.ps1'
[0.684s] INFO:colcon.colcon_core.shell:Creating package descriptor '/ros2_ws/install/serial/share/serial/package.dsv'
[0.684s] INFO:colcon.colcon_core.shell:Creating package script '/ros2_ws/install/serial/share/serial/package.sh'
[0.684s] INFO:colcon.colcon_core.shell:Creating package script '/ros2_ws/install/serial/share/serial/package.bash'
[0.685s] INFO:colcon.colcon_core.shell:Creating package script '/ros2_ws/install/serial/share/serial/package.zsh'
[0.685s] Level 1:colcon.colcon_core.environment:create_file_with_runtime_dependencies(/ros2_ws/install/serial/share/colcon-core/packages/serial)
[3.433s] DEBUG:colcon.colcon_core.event_handler.log_command:Invoked command in '/ros2_ws/build/uwb_localizer' returned '0': CMAKE_PREFIX_PATH=/opt/ros/humble /usr/bin/cmake --build /ros2_ws/build/uwb_localizer -- -j10 -l10
[3.436s] DEBUG:colcon.colcon_core.event_handler.log_command:Invoking command in '/ros2_ws/build/uwb_localizer': CMAKE_PREFIX_PATH=/opt/ros/humble /usr/bin/cmake --install /ros2_ws/build/uwb_localizer
[3.502s] Level 1:colcon.colcon_core.environment:create_environment_scripts_only(uwb_localizer)
[3.503s] Level 1:colcon.colcon_core.environment:checking '/ros2_ws/install/uwb_localizer' for CMake module files
[3.503s] DEBUG:colcon.colcon_core.event_handler.log_command:Invoked command in '/ros2_ws/build/uwb_localizer' returned '0': CMAKE_PREFIX_PATH=/opt/ros/humble /usr/bin/cmake --install /ros2_ws/build/uwb_localizer
[3.504s] Level 1:colcon.colcon_core.environment:checking '/ros2_ws/install/uwb_localizer' for CMake config files
[3.505s] Level 1:colcon.colcon_core.shell:create_environment_hook('uwb_localizer', 'cmake_prefix_path')
[3.505s] INFO:colcon.colcon_core.shell:Creating environment hook '/ros2_ws/install/uwb_localizer/share/uwb_localizer/hook/cmake_prefix_path.ps1'
[3.506s] INFO:colcon.colcon_core.shell:Creating environment descriptor '/ros2_ws/install/uwb_localizer/share/uwb_localizer/hook/cmake_prefix_path.dsv'
[3.506s] INFO:colcon.colcon_core.shell:Creating environment hook '/ros2_ws/install/uwb_localizer/share/uwb_localizer/hook/cmake_prefix_path.sh'
[3.507s] Level 1:colcon.colcon_core.environment:checking '/ros2_ws/install/uwb_localizer/lib'
[3.507s] Level 1:colcon.colcon_core.environment:checking '/ros2_ws/install/uwb_localizer/bin'
[3.507s] Level 1:colcon.colcon_core.environment:checking '/ros2_ws/install/uwb_localizer/lib/pkgconfig/uwb_localizer.pc'
[3.507s] Level 1:colcon.colcon_core.environment:checking '/ros2_ws/install/uwb_localizer/lib/python3.10/site-packages'
[3.507s] Level 1:colcon.colcon_core.environment:checking '/ros2_ws/install/uwb_localizer/bin'
[3.508s] INFO:colcon.colcon_core.shell:Creating package script '/ros2_ws/install/uwb_localizer/share/uwb_localizer/package.ps1'
[3.508s] INFO:colcon.colcon_core.shell:Creating package descriptor '/ros2_ws/install/uwb_localizer/share/uwb_localizer/package.dsv'
[3.508s] INFO:colcon.colcon_core.shell:Creating package script '/ros2_ws/install/uwb_localizer/share/uwb_localizer/package.sh'
[3.509s] INFO:colcon.colcon_core.shell:Creating package script '/ros2_ws/install/uwb_localizer/share/uwb_localizer/package.bash'
[3.509s] INFO:colcon.colcon_core.shell:Creating package script '/ros2_ws/install/uwb_localizer/share/uwb_localizer/package.zsh'
[3.509s] Level 1:colcon.colcon_core.environment:create_file_with_runtime_dependencies(/ros2_ws/install/uwb_localizer/share/colcon-core/packages/uwb_localizer)
[3.510s] Level 1:colcon.colcon_core.environment:create_environment_scripts_only(uwb_localizer)
[3.510s] Level 1:colcon.colcon_core.environment:checking '/ros2_ws/install/uwb_localizer' for CMake module files
[3.511s] Level 1:colcon.colcon_core.environment:checking '/ros2_ws/install/uwb_localizer' for CMake config files
[3.512s] Level 1:colcon.colcon_core.shell:create_environment_hook('uwb_localizer', 'cmake_prefix_path')
[3.512s] INFO:colcon.colcon_core.shell:Creating environment hook '/ros2_ws/install/uwb_localizer/share/uwb_localizer/hook/cmake_prefix_path.ps1'
[3.512s] INFO:colcon.colcon_core.shell:Creating environment descriptor '/ros2_ws/install/uwb_localizer/share/uwb_localizer/hook/cmake_prefix_path.dsv'
[3.513s] INFO:colcon.colcon_core.shell:Creating environment hook '/ros2_ws/install/uwb_localizer/share/uwb_localizer/hook/cmake_prefix_path.sh'
[3.514s] Level 1:colcon.colcon_core.environment:checking '/ros2_ws/install/uwb_localizer/lib'
[3.514s] Level 1:colcon.colcon_core.environment:checking '/ros2_ws/install/uwb_localizer/bin'
[3.514s] Level 1:colcon.colcon_core.environment:checking '/ros2_ws/install/uwb_localizer/lib/pkgconfig/uwb_localizer.pc'
[3.514s] Level 1:colcon.colcon_core.environment:checking '/ros2_ws/install/uwb_localizer/lib/python3.10/site-packages'
[3.514s] Level 1:colcon.colcon_core.environment:checking '/ros2_ws/install/uwb_localizer/bin'
[3.514s] INFO:colcon.colcon_core.shell:Creating package script '/ros2_ws/install/uwb_localizer/share/uwb_localizer/package.ps1'
[3.515s] INFO:colcon.colcon_core.shell:Creating package descriptor '/ros2_ws/install/uwb_localizer/share/uwb_localizer/package.dsv'
[3.515s] INFO:colcon.colcon_core.shell:Creating package script '/ros2_ws/install/uwb_localizer/share/uwb_localizer/package.sh'
[3.515s] INFO:colcon.colcon_core.shell:Creating package script '/ros2_ws/install/uwb_localizer/share/uwb_localizer/package.bash'
[3.515s] INFO:colcon.colcon_core.shell:Creating package script '/ros2_ws/install/uwb_localizer/share/uwb_localizer/package.zsh'
[3.516s] Level 1:colcon.colcon_core.environment:create_file_with_runtime_dependencies(/ros2_ws/install/uwb_localizer/share/colcon-core/packages/uwb_localizer)
[3.516s] DEBUG:colcon.colcon_parallel_executor.executor.parallel:closing loop
[3.517s] DEBUG:colcon.colcon_parallel_executor.executor.parallel:loop closed
[3.517s] DEBUG:colcon.colcon_parallel_executor.executor.parallel:run_until_complete finished with '0'
[3.517s] DEBUG:colcon.colcon_core.event_reactor:joining thread
[3.521s] INFO:colcon.colcon_core.plugin_system:Skipping extension 'colcon_notification.desktop_notification.notify_send': Could not find 'notify-send'
[3.521s] INFO:colcon.colcon_core.plugin_system:Skipping extension 'colcon_notification.desktop_notification.terminal_notifier': Not used on non-Darwin systems
[3.522s] INFO:colcon.colcon_core.plugin_system:Skipping extension 'colcon_notification.desktop_notification.win32': Not used on non-Windows systems
[3.522s] INFO:colcon.colcon_notification.desktop_notification:Sending desktop notification using 'notify2'
[3.523s] DEBUG:colcon.colcon_notification.desktop_notification.notify2:Failed to initialize notify2: org.freedesktop.DBus.Error.NotSupported: Unable to autolaunch a dbus-daemon without a $DISPLAY for X11
[3.523s] DEBUG:colcon.colcon_core.event_reactor:joined thread
[3.523s] INFO:colcon.colcon_core.shell:Creating prefix script '/ros2_ws/install/local_setup.ps1'
[3.524s] INFO:colcon.colcon_core.shell:Creating prefix util module '/ros2_ws/install/_local_setup_util_ps1.py'
[3.526s] INFO:colcon.colcon_core.shell:Creating prefix chain script '/ros2_ws/install/setup.ps1'
[3.527s] INFO:colcon.colcon_core.shell:Creating prefix script '/ros2_ws/install/local_setup.sh'
[3.528s] INFO:colcon.colcon_core.shell:Creating prefix util module '/ros2_ws/install/_local_setup_util_sh.py'
[3.528s] INFO:colcon.colcon_core.shell:Creating prefix chain script '/ros2_ws/install/setup.sh'
[3.529s] INFO:colcon.colcon_core.shell:Creating prefix script '/ros2_ws/install/local_setup.bash'
[3.529s] INFO:colcon.colcon_core.shell:Creating prefix chain script '/ros2_ws/install/setup.bash'
[3.530s] INFO:colcon.colcon_core.shell:Creating prefix script '/ros2_ws/install/local_setup.zsh'
[3.530s] INFO:colcon.colcon_core.shell:Creating prefix chain script '/ros2_ws/install/setup.zsh'
