[0.032s] Invoking command in '/ros2_ws/build/uwb_localizer': CMAKE_PREFIX_PATH=${CMAKE_PREFIX_PATH}:/opt/ros/humble /usr/bin/cmake /ros2_ws/uwb_localizer -DCMAKE_INSTALL_PREFIX=/ros2_ws/install/uwb_localizer
[0.089s] -- Found ament_cmake: 1.3.12 (/opt/ros/humble/share/ament_cmake/cmake)
[0.341s] -- Found rclcpp: 16.0.14 (/opt/ros/humble/share/rclcpp/cmake)
[0.364s] -- Found rosidl_generator_c: 3.1.7 (/opt/ros/humble/share/rosidl_generator_c/cmake)
[0.367s] -- Found rosidl_adapter: 3.1.7 (/opt/ros/humble/share/rosidl_adapter/cmake)
[0.368s] -- Found rosidl_generator_cpp: 3.1.7 (/opt/ros/humble/share/rosidl_generator_cpp/cmake)
[0.372s] -- Using all available rosidl_typesupport_c: rosidl_typesupport_fastrtps_c;rosidl_typesupport_introspection_c
[0.379s] -- Using all available rosidl_typesupport_cpp: rosidl_typesupport_fastrtps_cpp;rosidl_typesupport_introspection_cpp
[0.395s] -- Found rmw_implementation_cmake: 6.1.2 (/opt/ros/humble/share/rmw_implementation_cmake/cmake)
[0.402s] -- Found rmw_fastrtps_cpp: 6.2.8 (/opt/ros/humble/share/rmw_fastrtps_cpp/cmake)
[0.495s] -- Using RMW implementation 'rmw_fastrtps_cpp' as default
[0.527s] -- Found serial: 1.2.1 (/ros2_ws/install/serial/share/serial/cmake)
[0.534s] -- Found ament_lint_auto: 0.12.14 (/opt/ros/humble/share/ament_lint_auto/cmake)
[0.664s] -- Added test 'cppcheck' to perform static code analysis on C / C++ code
[0.664s] -- Configured cppcheck include dirs: 
[0.664s] -- Configured cppcheck exclude dirs and/or files: 
[0.666s] -- Added test 'lint_cmake' to check CMake code style
[0.669s] -- Added test 'uncrustify' to check C / C++ code style
[0.670s] -- Configured uncrustify additional arguments: 
[0.670s] -- Added test 'xmllint' to check XML markup files
[0.676s] -- Configuring done
[0.734s] -- Generating done
[0.756s] -- Build files have been written to: /ros2_ws/build/uwb_localizer
[0.760s] Invoked command in '/ros2_ws/build/uwb_localizer' returned '0': CMAKE_PREFIX_PATH=${CMAKE_PREFIX_PATH}:/opt/ros/humble /usr/bin/cmake /ros2_ws/uwb_localizer -DCMAKE_INSTALL_PREFIX=/ros2_ws/install/uwb_localizer
[0.763s] Invoking command in '/ros2_ws/build/uwb_localizer': CMAKE_PREFIX_PATH=${CMAKE_PREFIX_PATH}:/opt/ros/humble /usr/bin/cmake --build /ros2_ws/build/uwb_localizer -- -j10 -l10
[1.032s] [ 50%] [32mBuilding CXX object CMakeFiles/uwb_node.dir/src/uwb_node.cpp.o[0m
[2.460s] [01m[K/ros2_ws/uwb_localizer/src/uwb_node.cpp:[m[K In constructor ‘[01m[KUwbNode::UwbNode()[m[K’:
[2.462s] [01m[K/ros2_ws/uwb_localizer/src/uwb_node.cpp:13:62:[m[K [01;31m[Kerror: [m[Kcannot bind non-const lvalue reference of type ‘[01m[Kserial::Timeout&[m[K’ to an rvalue of type ‘[01m[Kserial::Timeout[m[K’
[2.462s]    13 |             serial_.setTimeout([01;31m[Kserial::Timeout::simpleTimeout(1000)[m[K);
[2.462s]       |                                [01;31m[K~~~~~~~~~~~~~~~~~~~~~~~~~~~~~~^~~~~~[m[K
[2.462s] In file included from [01m[K/ros2_ws/uwb_localizer/src/uwb_node.cpp:3[m[K:
[2.462s] [01m[K/ros2_ws/install/serial/include/serial/serial.h:461:24:[m[K [01;36m[Knote: [m[K  initializing argument 1 of ‘[01m[Kvoid serial::Serial::setTimeout(serial::Timeout&)[m[K’
[2.462s]   461 |   setTimeout ([01;36m[KTimeout &timeout[m[K);
[2.465s]       |               [01;36m[K~~~~~~~~~^~~~~~~[m[K
[2.889s] gmake[2]: *** [CMakeFiles/uwb_node.dir/build.make:76: CMakeFiles/uwb_node.dir/src/uwb_node.cpp.o] Error 1
[2.890s] gmake[1]: *** [CMakeFiles/Makefile2:137: CMakeFiles/uwb_node.dir/all] Error 2
[2.892s] gmake: *** [Makefile:146: all] Error 2
[2.897s] Invoked command in '/ros2_ws/build/uwb_localizer' returned '2': CMAKE_PREFIX_PATH=${CMAKE_PREFIX_PATH}:/opt/ros/humble /usr/bin/cmake --build /ros2_ws/build/uwb_localizer -- -j10 -l10
