[0.034s] Invoking command in '/ros2_ws/build/uwb_localizer': CMAKE_PREFIX_PATH=/opt/ros/humble /usr/bin/cmake --build /ros2_ws/build/uwb_localizer -- -j10 -l10
[0.279s] [35m[1mConsolidate compiler generated dependencies of target uwb_node[0m
[0.408s] [ 50%] [32mBuilding CXX object CMakeFiles/uwb_node.dir/src/uwb_node.cpp.o[0m
[2.853s] [100%] [32m[1mLinking CXX executable uwb_node[0m
[3.213s] [100%] Built target uwb_node
[3.244s] Invoked command in '/ros2_ws/build/uwb_localizer' returned '0': CMAKE_PREFIX_PATH=/opt/ros/humble /usr/bin/cmake --build /ros2_ws/build/uwb_localizer -- -j10 -l10
[3.247s] Invoking command in '/ros2_ws/build/uwb_localizer': CMAKE_PREFIX_PATH=/opt/ros/humble /usr/bin/cmake --install /ros2_ws/build/uwb_localizer
[3.282s] -- Install configuration: ""
[3.283s] -- Installing: /ros2_ws/install/uwb_localizer/lib/uwb_localizer/uwb_node
[3.291s] -- Set runtime path of "/ros2_ws/install/uwb_localizer/lib/uwb_localizer/uwb_node" to ""
[3.292s] -- Installing: /ros2_ws/install/uwb_localizer/share/ament_index/resource_index/package_run_dependencies/uwb_localizer
[3.293s] -- Installing: /ros2_ws/install/uwb_localizer/share/ament_index/resource_index/parent_prefix_path/uwb_localizer
[3.294s] -- Installing: /ros2_ws/install/uwb_localizer/share/uwb_localizer/environment/ament_prefix_path.sh
[3.295s] -- Installing: /ros2_ws/install/uwb_localizer/share/uwb_localizer/environment/ament_prefix_path.dsv
[3.296s] -- Installing: /ros2_ws/install/uwb_localizer/share/uwb_localizer/environment/path.sh
[3.297s] -- Installing: /ros2_ws/install/uwb_localizer/share/uwb_localizer/environment/path.dsv
[3.299s] -- Installing: /ros2_ws/install/uwb_localizer/share/uwb_localizer/local_setup.bash
[3.300s] -- Installing: /ros2_ws/install/uwb_localizer/share/uwb_localizer/local_setup.sh
[3.301s] -- Installing: /ros2_ws/install/uwb_localizer/share/uwb_localizer/local_setup.zsh
[3.302s] -- Installing: /ros2_ws/install/uwb_localizer/share/uwb_localizer/local_setup.dsv
[3.303s] -- Installing: /ros2_ws/install/uwb_localizer/share/uwb_localizer/package.dsv
[3.305s] -- Installing: /ros2_ws/install/uwb_localizer/share/ament_index/resource_index/packages/uwb_localizer
[3.306s] -- Installing: /ros2_ws/install/uwb_localizer/share/uwb_localizer/cmake/uwb_localizerConfig.cmake
[3.307s] -- Installing: /ros2_ws/install/uwb_localizer/share/uwb_localizer/cmake/uwb_localizerConfig-version.cmake
[3.308s] -- Installing: /ros2_ws/install/uwb_localizer/share/uwb_localizer/package.xml
[3.314s] Invoked command in '/ros2_ws/build/uwb_localizer' returned '0': CMAKE_PREFIX_PATH=/opt/ros/humble /usr/bin/cmake --install /ros2_ws/build/uwb_localizer
