[0.034s] Invoking command in '/ros2_ws/build/uwb_localizer': CMAKE_PREFIX_PATH=/opt/ros/humble /usr/bin/cmake /ros2_ws/uwb_localizer -DCMAKE_INSTALL_PREFIX=/ros2_ws/install/uwb_localizer
[0.355s] -- The C compiler identification is GNU 11.4.0
[0.616s] -- The CXX compiler identification is GNU 11.4.0
[0.640s] -- Detecting C compiler ABI info
[1.062s] -- Detecting C compiler ABI info - done
[1.078s] -- Check for working C compiler: /usr/bin/cc - skipped
[1.078s] -- Detecting C compile features
[1.079s] -- Detecting C compile features - done
[1.082s] -- Detecting CXX compiler ABI info
[1.477s] -- Detecting CXX compiler ABI info - done
[1.496s] -- Check for working CXX compiler: /usr/bin/c++ - skipped
[1.497s] -- Detecting CXX compile features
[1.498s] -- Detecting CXX compile features - done
[1.506s] -- Found ament_cmake: 1.3.12 (/opt/ros/humble/share/ament_cmake/cmake)
[1.928s] -- Found Python3: /usr/bin/python3 (found version "3.10.12") found components: Interpreter 
[2.063s] -- Found rclcpp: 16.0.14 (/opt/ros/humble/share/rclcpp/cmake)
[2.084s] -- Found rosidl_generator_c: 3.1.7 (/opt/ros/humble/share/rosidl_generator_c/cmake)
[2.087s] -- Found rosidl_adapter: 3.1.7 (/opt/ros/humble/share/rosidl_adapter/cmake)
[2.091s] -- Found rosidl_generator_cpp: 3.1.7 (/opt/ros/humble/share/rosidl_generator_cpp/cmake)
[2.093s] -- Using all available rosidl_typesupport_c: rosidl_typesupport_fastrtps_c;rosidl_typesupport_introspection_c
[2.106s] -- Using all available rosidl_typesupport_cpp: rosidl_typesupport_fastrtps_cpp;rosidl_typesupport_introspection_cpp
[2.125s] -- Found rmw_implementation_cmake: 6.1.2 (/opt/ros/humble/share/rmw_implementation_cmake/cmake)
[2.127s] -- Found rmw_fastrtps_cpp: 6.2.8 (/opt/ros/humble/share/rmw_fastrtps_cpp/cmake)
[2.430s] -- Found OpenSSL: /usr/lib/x86_64-linux-gnu/libcrypto.so (found version "3.0.2")  
[2.456s] -- Found FastRTPS: /opt/ros/humble/include  
[2.498s] -- Using RMW implementation 'rmw_fastrtps_cpp' as default
[2.502s] -- Looking for pthread.h
[2.932s] -- Looking for pthread.h - found
[2.934s] -- Performing Test CMAKE_HAVE_LIBC_PTHREAD
[3.352s] -- Performing Test CMAKE_HAVE_LIBC_PTHREAD - Success
[3.355s] -- Found Threads: TRUE  
[3.395s] [31mCMake Error at CMakeLists.txt:12 (find_package):
[3.395s]   By not providing "Findserial.cmake" in CMAKE_MODULE_PATH this project has
[3.395s]   asked CMake to find a package configuration file provided by "serial", but
[3.395s]   CMake did not find one.
[3.396s] 
[3.398s]   Could not find a package configuration file provided by "serial" with any
[3.400s]   of the following names:
[3.403s] 
[3.403s]     serialConfig.cmake
[3.403s]     serial-config.cmake
[3.403s] 
[3.403s]   Add the installation prefix of "serial" to CMAKE_PREFIX_PATH or set
[3.403s]   "serial_DIR" to a directory containing one of the above files.  If "serial"
[3.403s]   provides a separate development package or SDK, be sure it has been
[3.404s]   installed.
[3.404s] 
[3.404s] [0m
[3.406s] -- Configuring incomplete, errors occurred!
[3.407s] See also "/ros2_ws/build/uwb_localizer/CMakeFiles/CMakeOutput.log".
[3.410s] Invoked command in '/ros2_ws/build/uwb_localizer' returned '1': CMAKE_PREFIX_PATH=/opt/ros/humble /usr/bin/cmake /ros2_ws/uwb_localizer -DCMAKE_INSTALL_PREFIX=/ros2_ws/install/uwb_localizer
